{"total": {"lines":{"total":1206,"covered":823,"skipped":0,"pct":68.24},"statements":{"total":1299,"covered":902,"skipped":0,"pct":69.43},"functions":{"total":221,"covered":140,"skipped":0,"pct":63.34},"branches":{"total":194,"covered":99,"skipped":0,"pct":51.03},"branchesTrue":{"total":0,"covered":0,"skipped":0,"pct":100}}
,"/Users/jocr/Desktop/projects/offlinery/backend/src/app.controller.ts": {"lines":{"total":9,"covered":9,"skipped":0,"pct":100},"functions":{"total":2,"covered":2,"skipped":0,"pct":100},"statements":{"total":11,"covered":11,"skipped":0,"pct":100},"branches":{"total":0,"covered":0,"skipped":0,"pct":100}}
,"/Users/jocr/Desktop/projects/offlinery/backend/src/app.service.ts": {"lines":{"total":3,"covered":3,"skipped":0,"pct":100},"functions":{"total":2,"covered":2,"skipped":0,"pct":100},"statements":{"total":5,"covered":5,"skipped":0,"pct":100},"branches":{"total":0,"covered":0,"skipped":0,"pct":100}}
,"/Users/jocr/Desktop/projects/offlinery/backend/src/main.ts": {"lines":{"total":52,"covered":0,"skipped":0,"pct":0},"functions":{"total":4,"covered":0,"skipped":0,"pct":0},"statements":{"total":52,"covered":0,"skipped":0,"pct":0},"branches":{"total":3,"covered":0,"skipped":0,"pct":0}}
,"/Users/jocr/Desktop/projects/offlinery/backend/src/typeorm.config.ts": {"lines":{"total":6,"covered":4,"skipped":0,"pct":66.66},"functions":{"total":1,"covered":0,"skipped":0,"pct":0},"statements":{"total":6,"covered":4,"skipped":0,"pct":66.66},"branches":{"total":0,"covered":0,"skipped":0,"pct":100}}
,"/Users/jocr/Desktop/projects/offlinery/backend/src/DTOs/update-user-password.ts": {"lines":{"total":5,"covered":5,"skipped":0,"pct":100},"functions":{"total":0,"covered":0,"skipped":0,"pct":100},"statements":{"total":5,"covered":5,"skipped":0,"pct":100},"branches":{"total":0,"covered":0,"skipped":0,"pct":100}}
,"/Users/jocr/Desktop/projects/offlinery/backend/src/DTOs/abstract/email-code-response.adto.ts": {"lines":{"total":4,"covered":4,"skipped":0,"pct":100},"functions":{"total":0,"covered":0,"skipped":0,"pct":100},"statements":{"total":4,"covered":4,"skipped":0,"pct":100},"branches":{"total":0,"covered":0,"skipped":0,"pct":100}}
,"/Users/jocr/Desktop/projects/offlinery/backend/src/auth/auth-own-data.guard.ts": {"lines":{"total":22,"covered":22,"skipped":0,"pct":100},"functions":{"total":3,"covered":3,"skipped":0,"pct":100},"statements":{"total":26,"covered":26,"skipped":0,"pct":100},"branches":{"total":5,"covered":5,"skipped":0,"pct":100}}
,"/Users/jocr/Desktop/projects/offlinery/backend/src/auth/auth-registration-session.ts": {"lines":{"total":35,"covered":31,"skipped":0,"pct":88.57},"functions":{"total":3,"covered":3,"skipped":0,"pct":100},"statements":{"total":38,"covered":34,"skipped":0,"pct":89.47},"branches":{"total":6,"covered":4,"skipped":0,"pct":66.66}}
,"/Users/jocr/Desktop/projects/offlinery/backend/src/auth/auth.controller.ts": {"lines":{"total":18,"covered":12,"skipped":0,"pct":66.66},"functions":{"total":4,"covered":1,"skipped":0,"pct":25},"statements":{"total":20,"covered":14,"skipped":0,"pct":70},"branches":{"total":0,"covered":0,"skipped":0,"pct":100}}
,"/Users/jocr/Desktop/projects/offlinery/backend/src/auth/auth.guard.ts": {"lines":{"total":44,"covered":37,"skipped":0,"pct":84.09},"functions":{"total":8,"covered":6,"skipped":0,"pct":75},"statements":{"total":50,"covered":42,"skipped":0,"pct":84},"branches":{"total":7,"covered":2,"skipped":0,"pct":28.57}}
,"/Users/jocr/Desktop/projects/offlinery/backend/src/auth/auth.service.ts": {"lines":{"total":54,"covered":43,"skipped":0,"pct":79.62},"functions":{"total":7,"covered":7,"skipped":0,"pct":100},"statements":{"total":56,"covered":45,"skipped":0,"pct":80.35},"branches":{"total":5,"covered":0,"skipped":0,"pct":0}}
,"/Users/jocr/Desktop/projects/offlinery/backend/src/auth/auth.utils.ts": {"lines":{"total":3,"covered":3,"skipped":0,"pct":100},"functions":{"total":1,"covered":1,"skipped":0,"pct":100},"statements":{"total":4,"covered":4,"skipped":0,"pct":100},"branches":{"total":6,"covered":6,"skipped":0,"pct":100}}
,"/Users/jocr/Desktop/projects/offlinery/backend/src/entities/api-user/api-user.entity.ts": {"lines":{"total":19,"covered":13,"skipped":0,"pct":68.42},"functions":{"total":2,"covered":0,"skipped":0,"pct":0},"statements":{"total":21,"covered":15,"skipped":0,"pct":71.42},"branches":{"total":0,"covered":0,"skipped":0,"pct":100}}
,"/Users/jocr/Desktop/projects/offlinery/backend/src/entities/api-user/api-user.service.ts": {"lines":{"total":18,"covered":8,"skipped":0,"pct":44.44},"functions":{"total":5,"covered":1,"skipped":0,"pct":20},"statements":{"total":20,"covered":10,"skipped":0,"pct":50},"branches":{"total":6,"covered":0,"skipped":0,"pct":0}}
,"/Users/jocr/Desktop/projects/offlinery/backend/src/entities/blacklisted-region/blacklisted-region.entity.ts": {"lines":{"total":8,"covered":8,"skipped":0,"pct":100},"functions":{"total":2,"covered":2,"skipped":0,"pct":100},"statements":{"total":11,"covered":11,"skipped":0,"pct":100},"branches":{"total":0,"covered":0,"skipped":0,"pct":100}}
,"/Users/jocr/Desktop/projects/offlinery/backend/src/entities/encounter/encounter.controller.ts": {"lines":{"total":28,"covered":16,"skipped":0,"pct":57.14},"functions":{"total":6,"covered":1,"skipped":0,"pct":16.66},"statements":{"total":30,"covered":17,"skipped":0,"pct":56.66},"branches":{"total":3,"covered":0,"skipped":0,"pct":0}}
,"/Users/jocr/Desktop/projects/offlinery/backend/src/entities/encounter/encounter.entity.ts": {"lines":{"total":34,"covered":24,"skipped":0,"pct":70.58},"functions":{"total":15,"covered":9,"skipped":0,"pct":60},"statements":{"total":39,"covered":29,"skipped":0,"pct":74.35},"branches":{"total":8,"covered":1,"skipped":0,"pct":12.5}}
,"/Users/jocr/Desktop/projects/offlinery/backend/src/entities/encounter/encounter.service.ts": {"lines":{"total":60,"covered":38,"skipped":0,"pct":63.33},"functions":{"total":9,"covered":5,"skipped":0,"pct":55.55},"statements":{"total":63,"covered":40,"skipped":0,"pct":63.49},"branches":{"total":15,"covered":4,"skipped":0,"pct":26.66}}
,"/Users/jocr/Desktop/projects/offlinery/backend/src/entities/map/map.controller.ts": {"lines":{"total":12,"covered":9,"skipped":0,"pct":75},"functions":{"total":3,"covered":1,"skipped":0,"pct":33.33},"statements":{"total":15,"covered":11,"skipped":0,"pct":73.33},"branches":{"total":0,"covered":0,"skipped":0,"pct":100}}
,"/Users/jocr/Desktop/projects/offlinery/backend/src/entities/messages/message.entity.ts": {"lines":{"total":12,"covered":11,"skipped":0,"pct":91.66},"functions":{"total":4,"covered":3,"skipped":0,"pct":75},"statements":{"total":15,"covered":14,"skipped":0,"pct":93.33},"branches":{"total":0,"covered":0,"skipped":0,"pct":100}}
,"/Users/jocr/Desktop/projects/offlinery/backend/src/entities/pending-user/pending-user.controller.ts": {"lines":{"total":21,"covered":0,"skipped":0,"pct":0},"functions":{"total":5,"covered":0,"skipped":0,"pct":0},"statements":{"total":23,"covered":0,"skipped":0,"pct":0},"branches":{"total":0,"covered":0,"skipped":0,"pct":100}}
,"/Users/jocr/Desktop/projects/offlinery/backend/src/entities/pending-user/pending-user.entity.ts": {"lines":{"total":10,"covered":9,"skipped":0,"pct":90},"functions":{"total":1,"covered":0,"skipped":0,"pct":0},"statements":{"total":12,"covered":11,"skipped":0,"pct":91.66},"branches":{"total":0,"covered":0,"skipped":0,"pct":100}}
,"/Users/jocr/Desktop/projects/offlinery/backend/src/entities/pending-user/pending-user.service.ts": {"lines":{"total":76,"covered":51,"skipped":0,"pct":67.1},"functions":{"total":9,"covered":4,"skipped":0,"pct":44.44},"statements":{"total":78,"covered":53,"skipped":0,"pct":67.94},"branches":{"total":15,"covered":5,"skipped":0,"pct":33.33}}
,"/Users/jocr/Desktop/projects/offlinery/backend/src/entities/user/user.controller.ts": {"lines":{"total":62,"covered":46,"skipped":0,"pct":74.19},"functions":{"total":12,"covered":5,"skipped":0,"pct":41.66},"statements":{"total":64,"covered":48,"skipped":0,"pct":75},"branches":{"total":1,"covered":1,"skipped":0,"pct":100}}
,"/Users/jocr/Desktop/projects/offlinery/backend/src/entities/user/user.entity.ts": {"lines":{"total":47,"covered":47,"skipped":0,"pct":100},"functions":{"total":11,"covered":11,"skipped":0,"pct":100},"statements":{"total":52,"covered":52,"skipped":0,"pct":100},"branches":{"total":4,"covered":3,"skipped":0,"pct":75}}
,"/Users/jocr/Desktop/projects/offlinery/backend/src/entities/user/user.repository.ts": {"lines":{"total":81,"covered":70,"skipped":0,"pct":86.41},"functions":{"total":22,"covered":22,"skipped":0,"pct":100},"statements":{"total":83,"covered":72,"skipped":0,"pct":86.74},"branches":{"total":15,"covered":8,"skipped":0,"pct":53.33}}
,"/Users/jocr/Desktop/projects/offlinery/backend/src/entities/user/user.service.ts": {"lines":{"total":199,"covered":69,"skipped":0,"pct":34.67},"functions":{"total":32,"covered":11,"skipped":0,"pct":34.37},"statements":{"total":203,"covered":71,"skipped":0,"pct":34.97},"branches":{"total":49,"covered":16,"skipped":0,"pct":32.65}}
,"/Users/jocr/Desktop/projects/offlinery/backend/src/entities/user-feedback/user-feedback.controller.ts": {"lines":{"total":11,"covered":0,"skipped":0,"pct":0},"functions":{"total":2,"covered":0,"skipped":0,"pct":0},"statements":{"total":13,"covered":0,"skipped":0,"pct":0},"branches":{"total":0,"covered":0,"skipped":0,"pct":100}}
,"/Users/jocr/Desktop/projects/offlinery/backend/src/entities/user-feedback/user-feedback.entity.ts": {"lines":{"total":6,"covered":0,"skipped":0,"pct":0},"functions":{"total":1,"covered":0,"skipped":0,"pct":0},"statements":{"total":8,"covered":0,"skipped":0,"pct":0},"branches":{"total":0,"covered":0,"skipped":0,"pct":100}}
,"/Users/jocr/Desktop/projects/offlinery/backend/src/entities/user-feedback/user-feedback.service.ts": {"lines":{"total":8,"covered":0,"skipped":0,"pct":0},"functions":{"total":2,"covered":0,"skipped":0,"pct":0},"statements":{"total":10,"covered":0,"skipped":0,"pct":0},"branches":{"total":0,"covered":0,"skipped":0,"pct":100}}
,"/Users/jocr/Desktop/projects/offlinery/backend/src/entities/user-report/user-report.controller.ts": {"lines":{"total":9,"covered":8,"skipped":0,"pct":88.88},"functions":{"total":2,"covered":1,"skipped":0,"pct":50},"statements":{"total":11,"covered":10,"skipped":0,"pct":90.9},"branches":{"total":0,"covered":0,"skipped":0,"pct":100}}
,"/Users/jocr/Desktop/projects/offlinery/backend/src/entities/user-report/user-report.entity.ts": {"lines":{"total":16,"covered":16,"skipped":0,"pct":100},"functions":{"total":6,"covered":6,"skipped":0,"pct":100},"statements":{"total":21,"covered":21,"skipped":0,"pct":100},"branches":{"total":0,"covered":0,"skipped":0,"pct":100}}
,"/Users/jocr/Desktop/projects/offlinery/backend/src/entities/user-report/user-report.service.ts": {"lines":{"total":18,"covered":17,"skipped":0,"pct":94.44},"functions":{"total":3,"covered":3,"skipped":0,"pct":100},"statements":{"total":20,"covered":19,"skipped":0,"pct":95},"branches":{"total":1,"covered":0,"skipped":0,"pct":0}}
,"/Users/jocr/Desktop/projects/offlinery/backend/src/pipes/custom-parse-file.pipe.ts": {"lines":{"total":13,"covered":13,"skipped":0,"pct":100},"functions":{"total":2,"covered":2,"skipped":0,"pct":100},"statements":{"total":13,"covered":13,"skipped":0,"pct":100},"branches":{"total":4,"covered":4,"skipped":0,"pct":100}}
,"/Users/jocr/Desktop/projects/offlinery/backend/src/pipes/parse-validate-json.pipe.ts": {"lines":{"total":26,"covered":26,"skipped":0,"pct":100},"functions":{"total":3,"covered":3,"skipped":0,"pct":100},"statements":{"total":28,"covered":28,"skipped":0,"pct":100},"branches":{"total":8,"covered":8,"skipped":0,"pct":100}}
,"/Users/jocr/Desktop/projects/offlinery/backend/src/transient-services/clustering/cluster.service.ts": {"lines":{"total":26,"covered":26,"skipped":0,"pct":100},"functions":{"total":4,"covered":4,"skipped":0,"pct":100},"statements":{"total":29,"covered":29,"skipped":0,"pct":100},"branches":{"total":2,"covered":2,"skipped":0,"pct":100}}
,"/Users/jocr/Desktop/projects/offlinery/backend/src/transient-services/matching/matching.service.ts": {"lines":{"total":32,"covered":32,"skipped":0,"pct":100},"functions":{"total":6,"covered":6,"skipped":0,"pct":100},"statements":{"total":34,"covered":34,"skipped":0,"pct":100},"branches":{"total":7,"covered":7,"skipped":0,"pct":100}}
,"/Users/jocr/Desktop/projects/offlinery/backend/src/transient-services/notification/notification.controller.ts": {"lines":{"total":13,"covered":8,"skipped":0,"pct":61.53},"functions":{"total":2,"covered":1,"skipped":0,"pct":50},"statements":{"total":15,"covered":10,"skipped":0,"pct":66.66},"branches":{"total":0,"covered":0,"skipped":0,"pct":100}}
,"/Users/jocr/Desktop/projects/offlinery/backend/src/transient-services/notification/notification.service.ts": {"lines":{"total":20,"covered":19,"skipped":0,"pct":95},"functions":{"total":4,"covered":3,"skipped":0,"pct":75},"statements":{"total":22,"covered":21,"skipped":0,"pct":95.45},"branches":{"total":0,"covered":0,"skipped":0,"pct":100}}
,"/Users/jocr/Desktop/projects/offlinery/backend/src/types/user.types.ts": {"lines":{"total":29,"covered":29,"skipped":0,"pct":100},"functions":{"total":8,"covered":8,"skipped":0,"pct":100},"statements":{"total":29,"covered":29,"skipped":0,"pct":100},"branches":{"total":16,"covered":16,"skipped":0,"pct":100}}
,"/Users/jocr/Desktop/projects/offlinery/backend/src/utils/date.utils.ts": {"lines":{"total":8,"covered":8,"skipped":0,"pct":100},"functions":{"total":1,"covered":1,"skipped":0,"pct":100},"statements":{"total":9,"covered":9,"skipped":0,"pct":100},"branches":{"total":4,"covered":4,"skipped":0,"pct":100}}
,"/Users/jocr/Desktop/projects/offlinery/backend/src/utils/env.utils.ts": {"lines":{"total":15,"covered":15,"skipped":0,"pct":100},"functions":{"total":1,"covered":1,"skipped":0,"pct":100},"statements":{"total":15,"covered":15,"skipped":0,"pct":100},"branches":{"total":2,"covered":2,"skipped":0,"pct":100}}
,"/Users/jocr/Desktop/projects/offlinery/backend/src/utils/misc.utils.ts": {"lines":{"total":6,"covered":6,"skipped":0,"pct":100},"functions":{"total":0,"covered":0,"skipped":0,"pct":100},"statements":{"total":6,"covered":6,"skipped":0,"pct":100},"branches":{"total":2,"covered":1,"skipped":0,"pct":50}}
,"/Users/jocr/Desktop/projects/offlinery/backend/src/utils/security.utils.ts": {"lines":{"total":8,"covered":8,"skipped":0,"pct":100},"functions":{"total":1,"covered":1,"skipped":0,"pct":100},"statements":{"total":10,"covered":10,"skipped":0,"pct":100},"branches":{"total":0,"covered":0,"skipped":0,"pct":100}}
}
